This file contains any messages produced by compilers while
running configure, to aid debugging if configure makes a mistake.

It was created by volnoti configure 0.2, which was
generated by GNU Autoconf 2.71.  Invocation command line was

  $ ./configure --prefix=/usr

## --------- ##
## Platform. ##
## --------- ##

hostname = dev
uname -m = x86_64
uname -r = 6.6.98
uname -s = Linux
uname -v = #1 SMP PREEMPT_DYNAMIC Sun Jul 20 06:51:54 CEST 2025

/usr/bin/uname -p = unknown
/bin/uname -X     = unknown

/bin/arch              = x86_64
/usr/bin/arch -k       = unknown
/usr/convex/getsysinfo = unknown
/usr/bin/hostinfo      = unknown
/bin/machine           = unknown
/usr/bin/oslevel       = unknown
/bin/universe          = unknown

PATH: /usr/local/bin/
PATH: /usr/bin/
PATH: /bin/
PATH: /usr/games/


## ----------- ##
## Core tests. ##
## ----------- ##

configure:2442: looking for aux files: config.guess config.sub compile missing install-sh
configure:2455:  trying ./
configure:2484:   ./config.guess found
configure:2484:   ./config.sub found
configure:2484:   ./compile found
configure:2484:   ./missing found
configure:2466:   ./install-sh found
configure:2617: checking for a BSD-compatible install
configure:2690: result: /usr/bin/install -c
configure:2701: checking whether build environment is sane
configure:2756: result: yes
configure:2915: checking for a race-free mkdir -p
configure:2959: result: /usr/bin/mkdir -p
configure:2966: checking for gawk
configure:2987: found /usr/bin/gawk
configure:2998: result: gawk
configure:3009: checking whether make sets $(MAKE)
configure:3032: result: yes
configure:3062: checking whether make supports nested variables
configure:3080: result: yes
configure:3276: checking for gcc
configure:3297: found /usr/bin/gcc
configure:3308: result: gcc
configure:3661: checking for C compiler version
configure:3670: gcc --version >&5
gcc (Debian 12.2.0-14+deb12u1) 12.2.0
Copyright (C) 2022 Free Software Foundation, Inc.
This is free software; see the source for copying conditions.  There is NO
warranty; not even for MERCHANTABILITY or FITNESS FOR A PARTICULAR PURPOSE.

configure:3681: $? = 0
configure:3670: gcc -v >&5
Using built-in specs.
COLLECT_GCC=gcc
COLLECT_LTO_WRAPPER=/usr/lib/gcc/x86_64-linux-gnu/12/lto-wrapper
OFFLOAD_TARGET_NAMES=nvptx-none:amdgcn-amdhsa
OFFLOAD_TARGET_DEFAULT=1
Target: x86_64-linux-gnu
Configured with: ../src/configure -v --with-pkgversion='Debian 12.2.0-14+deb12u1' --with-bugurl=file:///usr/share/doc/gcc-12/README.Bugs --enable-languages=c,ada,c++,go,d,fortran,objc,obj-c++,m2 --prefix=/usr --with-gcc-major-version-only --program-suffix=-12 --program-prefix=x86_64-linux-gnu- --enable-shared --enable-linker-build-id --libexecdir=/usr/lib --without-included-gettext --enable-threads=posix --libdir=/usr/lib --enable-nls --enable-clocale=gnu --enable-libstdcxx-debug --enable-libstdcxx-time=yes --with-default-libstdcxx-abi=new --enable-gnu-unique-object --disable-vtable-verify --enable-plugin --enable-default-pie --with-system-zlib --enable-libphobos-checking=release --with-target-system-zlib=auto --enable-objc-gc=auto --enable-multiarch --disable-werror --enable-cet --with-arch-32=i686 --with-abi=m64 --with-multilib-list=m32,m64,mx32 --enable-multilib --with-tune=generic --enable-offload-targets=nvptx-none=/build/reproducible-path/gcc-12-12.2.0/debian/tmp-nvptx/usr,amdgcn-amdhsa=/build/reproducible-path/gcc-12-12.2.0/debian/tmp-gcn/usr --enable-offload-defaulted --without-cuda-driver --enable-checking=release --build=x86_64-linux-gnu --host=x86_64-linux-gnu --target=x86_64-linux-gnu
Thread model: posix
Supported LTO compression algorithms: zlib zstd
gcc version 12.2.0 (Debian 12.2.0-14+deb12u1) 
... rest of stderr output deleted ...
configure:3681: $? = 0
configure:3670: gcc -V >&5
gcc: error: unrecognized command-line option '-V'
gcc: fatal error: no input files
compilation terminated.
configure:3681: $? = 1
configure:3670: gcc -qversion >&5
gcc: error: unrecognized command-line option '-qversion'; did you mean '--version'?
gcc: fatal error: no input files
compilation terminated.
configure:3681: $? = 1
configure:3670: gcc -version >&5
gcc: error: unrecognized command-line option '-version'
gcc: fatal error: no input files
compilation terminated.
configure:3681: $? = 1
configure:3701: checking whether the C compiler works
configure:3723: gcc    conftest.c  >&5
configure:3727: $? = 0
configure:3777: result: yes
configure:3780: checking for C compiler default output file name
configure:3782: result: a.out
configure:3788: checking for suffix of executables
configure:3795: gcc -o conftest    conftest.c  >&5
configure:3799: $? = 0
configure:3822: result: 
configure:3844: checking whether we are cross compiling
configure:3852: gcc -o conftest    conftest.c  >&5
configure:3856: $? = 0
configure:3863: ./conftest
configure:3867: $? = 0
configure:3882: result: no
configure:3887: checking for suffix of object files
configure:3910: gcc -c   conftest.c >&5
configure:3914: $? = 0
configure:3936: result: o
configure:3940: checking whether the compiler supports GNU C
configure:3960: gcc -c   conftest.c >&5
configure:3960: $? = 0
configure:3970: result: yes
configure:3981: checking whether gcc accepts -g
configure:4002: gcc -c -g  conftest.c >&5
configure:4002: $? = 0
configure:4046: result: yes
configure:4066: checking for gcc option to enable C11 features
configure:4081: gcc  -c -g -O2  conftest.c >&5
configure:4081: $? = 0
configure:4099: result: none needed
configure:4215: checking whether gcc understands -c and -o together
configure:4238: gcc -c conftest.c -o conftest2.o
configure:4241: $? = 0
configure:4238: gcc -c conftest.c -o conftest2.o
configure:4241: $? = 0
configure:4253: result: yes
configure:4273: checking whether make supports the include directive
configure:4288: make -f confmf.GNU && cat confinc.out
this is the am__doit target
configure:4291: $? = 0
configure:4310: result: yes (GNU style)
configure:4336: checking dependency style of gcc
configure:4448: result: gcc3
configure:4525: checking for pkg-config
configure:4548: found /usr/bin/pkg-config
configure:4560: result: /usr/bin/pkg-config
configure:4585: checking pkg-config is at least version 0.9.0
configure:4588: result: yes
configure:4598: checking for dbus-1
configure:4605: $PKG_CONFIG --exists --print-errors "dbus-1"
configure:4608: $? = 0
configure:4622: $PKG_CONFIG --exists --print-errors "dbus-1"
configure:4625: $? = 0
configure:4683: result: yes
configure:4689: checking for dbus-glib-1
configure:4696: $PKG_CONFIG --exists --print-errors "dbus-glib-1"
configure:4699: $? = 0
configure:4713: $PKG_CONFIG --exists --print-errors "dbus-glib-1"
configure:4716: $? = 0
configure:4774: result: yes
configure:4780: checking for gtk+-2.0
configure:4787: $PKG_CONFIG --exists --print-errors "gtk+-2.0"
configure:4790: $? = 0
configure:4804: $PKG_CONFIG --exists --print-errors "gtk+-2.0"
configure:4807: $? = 0
configure:4865: result: yes
configure:4871: checking for cairo
configure:4878: $PKG_CONFIG --exists --print-errors "cairo"
configure:4881: $? = 0
configure:4895: $PKG_CONFIG --exists --print-errors "cairo"
configure:4898: $? = 0
configure:4956: result: yes
configure:4962: checking for gdk-pixbuf-2.0
configure:4969: $PKG_CONFIG --exists --print-errors "gdk-pixbuf-2.0"
configure:4972: $? = 0
configure:4986: $PKG_CONFIG --exists --print-errors "gdk-pixbuf-2.0"
configure:4989: $? = 0
configure:5047: result: yes
configure:5053: checking for alsa
configure:5060: $PKG_CONFIG --exists --print-errors "alsa"
configure:5063: $? = 0
configure:5077: $PKG_CONFIG --exists --print-errors "alsa"
configure:5080: $? = 0
configure:5138: result: yes
configure:5149: checking for stdio.h
configure:5149: gcc -c -g -O2  conftest.c >&5
configure:5149: $? = 0
configure:5149: result: yes
configure:5149: checking for stdlib.h
configure:5149: gcc -c -g -O2  conftest.c >&5
configure:5149: $? = 0
configure:5149: result: yes
configure:5149: checking for string.h
configure:5149: gcc -c -g -O2  conftest.c >&5
configure:5149: $? = 0
configure:5149: result: yes
configure:5149: checking for inttypes.h
configure:5149: gcc -c -g -O2  conftest.c >&5
configure:5149: $? = 0
configure:5149: result: yes
configure:5149: checking for stdint.h
configure:5149: gcc -c -g -O2  conftest.c >&5
configure:5149: $? = 0
configure:5149: result: yes
configure:5149: checking for strings.h
configure:5149: gcc -c -g -O2  conftest.c >&5
configure:5149: $? = 0
configure:5149: result: yes
configure:5149: checking for sys/stat.h
configure:5149: gcc -c -g -O2  conftest.c >&5
configure:5149: $? = 0
configure:5149: result: yes
configure:5149: checking for sys/types.h
configure:5149: gcc -c -g -O2  conftest.c >&5
configure:5149: $? = 0
configure:5149: result: yes
configure:5149: checking for unistd.h
configure:5149: gcc -c -g -O2  conftest.c >&5
configure:5149: $? = 0
configure:5149: result: yes
configure:5174: checking for stdlib.h
configure:5174: result: yes
configure:5180: checking for string.h
configure:5180: result: yes
configure:5186: checking for unistd.h
configure:5186: result: yes
configure:5195: checking for inline
configure:5212: gcc -c -g -O2  conftest.c >&5
configure:5212: $? = 0
configure:5221: result: inline
configure:5239: checking for size_t
configure:5239: gcc -c -g -O2  conftest.c >&5
configure:5239: $? = 0
configure:5239: gcc -c -g -O2  conftest.c >&5
conftest.c: In function 'main':
conftest.c:53:21: error: expected expression before ')' token
   53 | if (sizeof ((size_t)))
      |                     ^
configure:5239: $? = 1
configure: failed program was:
| /* confdefs.h */
| #define PACKAGE_NAME "volnoti"
| #define PACKAGE_TARNAME "volnoti"
| #define PACKAGE_VERSION "0.2"
| #define PACKAGE_STRING "volnoti 0.2"
| #define PACKAGE_BUGREPORT ""
| #define PACKAGE_URL ""
| #define HAVE_STDIO_H 1
| #define HAVE_STDLIB_H 1
| #define HAVE_STRING_H 1
| #define HAVE_INTTYPES_H 1
| #define HAVE_STDINT_H 1
| #define HAVE_STRINGS_H 1
| #define HAVE_SYS_STAT_H 1
| #define HAVE_SYS_TYPES_H 1
| #define HAVE_UNISTD_H 1
| #define STDC_HEADERS 1
| #define HAVE_STDLIB_H 1
| #define HAVE_STRING_H 1
| #define HAVE_UNISTD_H 1
| /* end confdefs.h.  */
| #include <stddef.h>
| #ifdef HAVE_STDIO_H
| # include <stdio.h>
| #endif
| #ifdef HAVE_STDLIB_H
| # include <stdlib.h>
| #endif
| #ifdef HAVE_STRING_H
| # include <string.h>
| #endif
| #ifdef HAVE_INTTYPES_H
| # include <inttypes.h>
| #endif
| #ifdef HAVE_STDINT_H
| # include <stdint.h>
| #endif
| #ifdef HAVE_STRINGS_H
| # include <strings.h>
| #endif
| #ifdef HAVE_SYS_TYPES_H
| # include <sys/types.h>
| #endif
| #ifdef HAVE_SYS_STAT_H
| # include <sys/stat.h>
| #endif
| #ifdef HAVE_UNISTD_H
| # include <unistd.h>
| #endif
| int
| main (void)
| {
| if (sizeof ((size_t)))
| 	    return 0;
|   ;
|   return 0;
| }
configure:5239: result: yes
configure:5257: checking build system type
configure:5272: result: x86_64-pc-linux-gnu
configure:5292: checking host system type
configure:5306: result: x86_64-pc-linux-gnu
configure:5326: checking for GNU libc compatible malloc
configure:5358: gcc -o conftest -g -O2   conftest.c  >&5
configure:5358: $? = 0
configure:5358: ./conftest
configure:5358: $? = 0
configure:5369: result: yes
configure:5391: checking for strchr
configure:5391: gcc -o conftest -g -O2   conftest.c  >&5
conftest.c:39:6: warning: conflicting types for built-in function 'strchr'; expected 'char *(const char *, int)' [-Wbuiltin-declaration-mismatch]
   39 | char strchr ();
      |      ^~~~~~
conftest.c:31:1: note: 'strchr' is declared in header '<string.h>'
   30 | #include <limits.h>
   31 | #undef strchr
configure:5391: $? = 0
configure:5391: result: yes
configure:5397: checking for strcspn
configure:5397: gcc -o conftest -g -O2   conftest.c  >&5
conftest.c:40:6: warning: conflicting types for built-in function 'strcspn'; expected 'long unsigned int(const char *, const char *)' [-Wbuiltin-declaration-mismatch]
   40 | char strcspn ();
      |      ^~~~~~~
conftest.c:32:1: note: 'strcspn' is declared in header '<string.h>'
   31 | #include <limits.h>
   32 | #undef strcspn
configure:5397: $? = 0
configure:5397: result: yes
configure:5508: checking that generated files are newer than configure
configure:5514: result: done
configure:5537: creating ./config.status

## ---------------------- ##
## Running config.status. ##
## ---------------------- ##

This file was extended by volnoti config.status 0.2, which was
generated by GNU Autoconf 2.71.  Invocation command line was

  CONFIG_FILES    = 
  CONFIG_HEADERS  = 
  CONFIG_LINKS    = 
  CONFIG_COMMANDS = 
  $ ./config.status 

on dev

config.status:880: creating Makefile
config.status:880: creating src/Makefile
config.status:880: creating res/Makefile
config.status:880: creating config.h
config.status:1109: executing depfiles commands
config.status:1186: cd src       && sed -e '/# am--include-marker/d' Makefile         | make -f - am--depfiles
config.status:1191: $? = 0

## ---------------- ##
## Cache variables. ##
## ---------------- ##

ac_cv_build=x86_64-pc-linux-gnu
ac_cv_c_compiler_gnu=yes
ac_cv_c_inline=inline
ac_cv_env_ALSA_CFLAGS_set=
ac_cv_env_ALSA_CFLAGS_value=
ac_cv_env_ALSA_LIBS_set=
ac_cv_env_ALSA_LIBS_value=
ac_cv_env_CAIRO_CFLAGS_set=
ac_cv_env_CAIRO_CFLAGS_value=
ac_cv_env_CAIRO_LIBS_set=
ac_cv_env_CAIRO_LIBS_value=
ac_cv_env_CC_set=
ac_cv_env_CC_value=
ac_cv_env_CFLAGS_set=
ac_cv_env_CFLAGS_value=
ac_cv_env_CPPFLAGS_set=
ac_cv_env_CPPFLAGS_value=
ac_cv_env_DBUS_CFLAGS_set=
ac_cv_env_DBUS_CFLAGS_value=
ac_cv_env_DBUS_GLIB_CFLAGS_set=
ac_cv_env_DBUS_GLIB_CFLAGS_value=
ac_cv_env_DBUS_GLIB_LIBS_set=
ac_cv_env_DBUS_GLIB_LIBS_value=
ac_cv_env_DBUS_LIBS_set=
ac_cv_env_DBUS_LIBS_value=
ac_cv_env_GDK_PIXBUF_CFLAGS_set=
ac_cv_env_GDK_PIXBUF_CFLAGS_value=
ac_cv_env_GDK_PIXBUF_LIBS_set=
ac_cv_env_GDK_PIXBUF_LIBS_value=
ac_cv_env_GTK_CFLAGS_set=
ac_cv_env_GTK_CFLAGS_value=
ac_cv_env_GTK_LIBS_set=
ac_cv_env_GTK_LIBS_value=
ac_cv_env_LDFLAGS_set=
ac_cv_env_LDFLAGS_value=
ac_cv_env_LIBS_set=
ac_cv_env_LIBS_value=
ac_cv_env_PKG_CONFIG_LIBDIR_set=
ac_cv_env_PKG_CONFIG_LIBDIR_value=
ac_cv_env_PKG_CONFIG_PATH_set=
ac_cv_env_PKG_CONFIG_PATH_value=
ac_cv_env_PKG_CONFIG_set=
ac_cv_env_PKG_CONFIG_value=
ac_cv_env_build_alias_set=
ac_cv_env_build_alias_value=
ac_cv_env_host_alias_set=
ac_cv_env_host_alias_value=
ac_cv_env_target_alias_set=
ac_cv_env_target_alias_value=
ac_cv_func_malloc_0_nonnull=yes
ac_cv_func_strchr=yes
ac_cv_func_strcspn=yes
ac_cv_header_inttypes_h=yes
ac_cv_header_stdint_h=yes
ac_cv_header_stdio_h=yes
ac_cv_header_stdlib_h=yes
ac_cv_header_string_h=yes
ac_cv_header_strings_h=yes
ac_cv_header_sys_stat_h=yes
ac_cv_header_sys_types_h=yes
ac_cv_header_unistd_h=yes
ac_cv_host=x86_64-pc-linux-gnu
ac_cv_objext=o
ac_cv_path_ac_pt_PKG_CONFIG=/usr/bin/pkg-config
ac_cv_path_install='/usr/bin/install -c'
ac_cv_path_mkdir=/usr/bin/mkdir
ac_cv_prog_AWK=gawk
ac_cv_prog_ac_ct_CC=gcc
ac_cv_prog_cc_c11=
ac_cv_prog_cc_g=yes
ac_cv_prog_cc_stdc=
ac_cv_prog_make_make_set=yes
ac_cv_type_size_t=yes
am_cv_CC_dependencies_compiler_type=gcc3
am_cv_make_support_nested_variables=yes
am_cv_prog_cc_c_o=yes
pkg_cv_ALSA_CFLAGS=
pkg_cv_ALSA_LIBS='-lasound '
pkg_cv_CAIRO_CFLAGS='-I/usr/include/cairo -I/usr/include/glib-2.0 -I/usr/lib/x86_64-linux-gnu/glib-2.0/include -I/usr/include/pixman-1 -I/usr/include/freetype2 -I/usr/include/libpng16 '
pkg_cv_CAIRO_LIBS='-lcairo '
pkg_cv_DBUS_CFLAGS='-I/usr/include/dbus-1.0 -I/usr/lib/x86_64-linux-gnu/dbus-1.0/include '
pkg_cv_DBUS_GLIB_CFLAGS='-I/usr/include/dbus-1.0 -I/usr/lib/x86_64-linux-gnu/dbus-1.0/include -I/usr/include/glib-2.0 -I/usr/lib/x86_64-linux-gnu/glib-2.0/include '
pkg_cv_DBUS_GLIB_LIBS='-ldbus-glib-1 -ldbus-1 -lgobject-2.0 -lglib-2.0 '
pkg_cv_DBUS_LIBS='-ldbus-1 '
pkg_cv_GDK_PIXBUF_CFLAGS='-I/usr/include/gdk-pixbuf-2.0 -I/usr/include/glib-2.0 -I/usr/lib/x86_64-linux-gnu/glib-2.0/include -I/usr/include/libpng16 -I/usr/include/x86_64-linux-gnu -pthread -I/usr/include/libmount -I/usr/include/blkid '
pkg_cv_GDK_PIXBUF_LIBS='-lgdk_pixbuf-2.0 -lgobject-2.0 -lglib-2.0 '
pkg_cv_GTK_CFLAGS='-I/usr/include/gtk-2.0 -I/usr/lib/x86_64-linux-gnu/gtk-2.0/include -I/usr/include/pango-1.0 -I/usr/include/glib-2.0 -I/usr/lib/x86_64-linux-gnu/glib-2.0/include -I/usr/include/harfbuzz -I/usr/include/freetype2 -I/usr/include/libpng16 -I/usr/include/libmount -I/usr/include/blkid -I/usr/include/fribidi -I/usr/include/cairo -I/usr/include/pixman-1 -I/usr/include/gdk-pixbuf-2.0 -I/usr/include/x86_64-linux-gnu -I/usr/include/atk-1.0 -pthread '
pkg_cv_GTK_LIBS='-lgtk-x11-2.0 -lgdk-x11-2.0 -lpangocairo-1.0 -latk-1.0 -lcairo -lgdk_pixbuf-2.0 -lgio-2.0 -lpangoft2-1.0 -lpango-1.0 -lgobject-2.0 -lglib-2.0 -lharfbuzz -lfontconfig -lfreetype '

## ----------------- ##
## Output variables. ##
## ----------------- ##

ACLOCAL='${SHELL} '\''/home/karel/src/DEB/KAREL-VOLNOTI/volnoti/missing'\'' aclocal-1.16'
ALSA_CFLAGS=''
ALSA_LIBS='-lasound '
AMDEPBACKSLASH='\'
AMDEP_FALSE='#'
AMDEP_TRUE=''
AMTAR='$${TAR-tar}'
AM_BACKSLASH='\'
AM_DEFAULT_V='$(AM_DEFAULT_VERBOSITY)'
AM_DEFAULT_VERBOSITY='1'
AM_V='$(V)'
AUTOCONF='${SHELL} '\''/home/karel/src/DEB/KAREL-VOLNOTI/volnoti/missing'\'' autoconf'
AUTOHEADER='${SHELL} '\''/home/karel/src/DEB/KAREL-VOLNOTI/volnoti/missing'\'' autoheader'
AUTOMAKE='${SHELL} '\''/home/karel/src/DEB/KAREL-VOLNOTI/volnoti/missing'\'' automake-1.16'
AWK='gawk'
CAIRO_CFLAGS='-I/usr/include/cairo -I/usr/include/glib-2.0 -I/usr/lib/x86_64-linux-gnu/glib-2.0/include -I/usr/include/pixman-1 -I/usr/include/freetype2 -I/usr/include/libpng16 '
CAIRO_LIBS='-lcairo '
CC='gcc'
CCDEPMODE='depmode=gcc3'
CFLAGS='-g -O2'
CPPFLAGS=''
CSCOPE='cscope'
CTAGS='ctags'
CYGPATH_W='echo'
DBUS_CFLAGS='-I/usr/include/dbus-1.0 -I/usr/lib/x86_64-linux-gnu/dbus-1.0/include '
DBUS_GLIB_CFLAGS='-I/usr/include/dbus-1.0 -I/usr/lib/x86_64-linux-gnu/dbus-1.0/include -I/usr/include/glib-2.0 -I/usr/lib/x86_64-linux-gnu/glib-2.0/include '
DBUS_GLIB_LIBS='-ldbus-glib-1 -ldbus-1 -lgobject-2.0 -lglib-2.0 '
DBUS_LIBS='-ldbus-1 '
DEFS='-DHAVE_CONFIG_H'
DEPDIR='.deps'
ECHO_C=''
ECHO_N='-n'
ECHO_T=''
ETAGS='etags'
EXEEXT=''
GDK_PIXBUF_CFLAGS='-I/usr/include/gdk-pixbuf-2.0 -I/usr/include/glib-2.0 -I/usr/lib/x86_64-linux-gnu/glib-2.0/include -I/usr/include/libpng16 -I/usr/include/x86_64-linux-gnu -pthread -I/usr/include/libmount -I/usr/include/blkid '
GDK_PIXBUF_LIBS='-lgdk_pixbuf-2.0 -lgobject-2.0 -lglib-2.0 '
GTK_CFLAGS='-I/usr/include/gtk-2.0 -I/usr/lib/x86_64-linux-gnu/gtk-2.0/include -I/usr/include/pango-1.0 -I/usr/include/glib-2.0 -I/usr/lib/x86_64-linux-gnu/glib-2.0/include -I/usr/include/harfbuzz -I/usr/include/freetype2 -I/usr/include/libpng16 -I/usr/include/libmount -I/usr/include/blkid -I/usr/include/fribidi -I/usr/include/cairo -I/usr/include/pixman-1 -I/usr/include/gdk-pixbuf-2.0 -I/usr/include/x86_64-linux-gnu -I/usr/include/atk-1.0 -pthread '
GTK_LIBS='-lgtk-x11-2.0 -lgdk-x11-2.0 -lpangocairo-1.0 -latk-1.0 -lcairo -lgdk_pixbuf-2.0 -lgio-2.0 -lpangoft2-1.0 -lpango-1.0 -lgobject-2.0 -lglib-2.0 -lharfbuzz -lfontconfig -lfreetype '
INSTALL_DATA='${INSTALL} -m 644'
INSTALL_PROGRAM='${INSTALL}'
INSTALL_SCRIPT='${INSTALL}'
INSTALL_STRIP_PROGRAM='$(install_sh) -c -s'
LDFLAGS=''
LIBOBJS=''
LIBS=''
LTLIBOBJS=''
MAKEINFO='${SHELL} '\''/home/karel/src/DEB/KAREL-VOLNOTI/volnoti/missing'\'' makeinfo'
MKDIR_P='/usr/bin/mkdir -p'
OBJEXT='o'
PACKAGE='volnoti'
PACKAGE_BUGREPORT=''
PACKAGE_NAME='volnoti'
PACKAGE_STRING='volnoti 0.2'
PACKAGE_TARNAME='volnoti'
PACKAGE_URL=''
PACKAGE_VERSION='0.2'
PATH_SEPARATOR=':'
PKG_CONFIG='/usr/bin/pkg-config'
PKG_CONFIG_LIBDIR=''
PKG_CONFIG_PATH=''
SET_MAKE=''
SHELL='/bin/bash'
STRIP=''
VERSION='0.2'
ac_ct_CC='gcc'
am__EXEEXT_FALSE=''
am__EXEEXT_TRUE='#'
am__fastdepCC_FALSE='#'
am__fastdepCC_TRUE=''
am__include='include'
am__isrc=''
am__leading_dot='.'
am__nodep='_no'
am__quote=''
am__tar='$${TAR-tar} chof - "$$tardir"'
am__untar='$${TAR-tar} xf -'
bindir='${exec_prefix}/bin'
build='x86_64-pc-linux-gnu'
build_alias=''
build_cpu='x86_64'
build_os='linux-gnu'
build_vendor='pc'
datadir='${datarootdir}'
datarootdir='${prefix}/share'
docdir='${datarootdir}/doc/${PACKAGE_TARNAME}'
dvidir='${docdir}'
exec_prefix='${prefix}'
host='x86_64-pc-linux-gnu'
host_alias=''
host_cpu='x86_64'
host_os='linux-gnu'
host_vendor='pc'
htmldir='${docdir}'
includedir='${prefix}/include'
infodir='${datarootdir}/info'
install_sh='${SHELL} /home/karel/src/DEB/KAREL-VOLNOTI/volnoti/install-sh'
libdir='${exec_prefix}/lib'
libexecdir='${exec_prefix}/libexec'
localedir='${datarootdir}/locale'
localstatedir='${prefix}/var'
mandir='${datarootdir}/man'
mkdir_p='$(MKDIR_P)'
oldincludedir='/usr/include'
pdfdir='${docdir}'
prefix='/usr'
program_transform_name='s,x,x,'
psdir='${docdir}'
runstatedir='${localstatedir}/run'
sbindir='${exec_prefix}/sbin'
sharedstatedir='${prefix}/com'
sysconfdir='${prefix}/etc'
target_alias=''

## ----------- ##
## confdefs.h. ##
## ----------- ##

/* confdefs.h */
#define PACKAGE_NAME "volnoti"
#define PACKAGE_TARNAME "volnoti"
#define PACKAGE_VERSION "0.2"
#define PACKAGE_STRING "volnoti 0.2"
#define PACKAGE_BUGREPORT ""
#define PACKAGE_URL ""
#define HAVE_STDIO_H 1
#define HAVE_STDLIB_H 1
#define HAVE_STRING_H 1
#define HAVE_INTTYPES_H 1
#define HAVE_STDINT_H 1
#define HAVE_STRINGS_H 1
#define HAVE_SYS_STAT_H 1
#define HAVE_SYS_TYPES_H 1
#define HAVE_UNISTD_H 1
#define STDC_HEADERS 1
#define HAVE_STDLIB_H 1
#define HAVE_STRING_H 1
#define HAVE_UNISTD_H 1
#define HAVE_MALLOC 1
#define HAVE_STRCHR 1
#define HAVE_STRCSPN 1

configure: exit 0
